<?xml version="1.0" encoding="UTF-8"?>
<testng-results ignored="0" total="1" passed="1" failed="0" skipped="0">
  <reporter-output>
    <line>
      <![CDATA[Wai for 2000 mill sec]]>
    </line>
    <line>
      <![CDATA[opening the Broewser]]>
    </line>
    <line>
      <![CDATA[Wai for 4000 mill sec]]>
    </line>
    <line>
      <![CDATA[Wai for 4000 mill sec]]>
    </line>
    <line>
      <![CDATA[Wai for 4000 mill sec]]>
    </line>
    <line>
      <![CDATA[Wai for 4000 mill sec]]>
    </line>
    <line>
      <![CDATA[Wai for 4000 mill sec]]>
    </line>
    <line>
      <![CDATA[Wai for 4000 mill sec]]>
    </line>
    <line>
      <![CDATA[Wai for 4000 mill sec]]>
    </line>
    <line>
      <![CDATA[Wai for 3000 mill sec]]>
    </line>
    <line>
      <![CDATA[This validateUsNm is succesfully completed]]>
    </line>
    <line>
      <![CDATA[taking Screen shot]]>
    </line>
    <line>
      <![CDATA[screenshot location isC:\Users\Hp\eclipse-workspace\PolicyBazaar\screenshots\Sangharsh Paraye PB_TC1234.png]]>
    </line>
    <line>
      <![CDATA[This validateUsNm is succesfully completed]]>
    </line>
    <line>
      <![CDATA[Wai for 3000 mill sec]]>
    </line>
    <line>
      <![CDATA[Wai for 1000 mill sec]]>
    </line>
    <line>
      <![CDATA[closing the Browser]]>
    </line>
  </reporter-output>
  <suite started-at="2023-07-01T22:41:32 IST" name="Suite" finished-at="2023-07-01T22:42:15 IST" duration-ms="42990">
    <groups>
    </groups>
    <test started-at="2023-07-01T22:41:32 IST" name="Test" finished-at="2023-07-01T22:42:15 IST" duration-ms="42990">
      <class name="test.PB_TC_ValidatePolicyUserName">
        <test-method is-config="true" signature="launchPolicyBazar()[pri:0, instance:test.PB_TC_ValidatePolicyUserName@5149d738]" started-at="2023-07-01T22:41:32 IST" name="launchPolicyBazar" finished-at="2023-07-01T22:41:39 IST" duration-ms="6841" status="PASS">
          <reporter-output>
            <line>
              <![CDATA[Wai for 2000 mill sec]]>
            </line>
            <line>
              <![CDATA[opening the Broewser]]>
            </line>
          </reporter-output>
        </test-method> <!-- launchPolicyBazar -->
        <test-method is-config="true" signature="signIntoPolicyBazar()[pri:0, instance:test.PB_TC_ValidatePolicyUserName@5149d738]" started-at="2023-07-01T22:41:39 IST" name="signIntoPolicyBazar" finished-at="2023-07-01T22:42:10 IST" duration-ms="31644" status="PASS">
          <reporter-output>
            <line>
              <![CDATA[Wai for 4000 mill sec]]>
            </line>
            <line>
              <![CDATA[Wai for 4000 mill sec]]>
            </line>
            <line>
              <![CDATA[Wai for 4000 mill sec]]>
            </line>
            <line>
              <![CDATA[Wai for 4000 mill sec]]>
            </line>
            <line>
              <![CDATA[Wai for 4000 mill sec]]>
            </line>
            <line>
              <![CDATA[Wai for 4000 mill sec]]>
            </line>
            <line>
              <![CDATA[Wai for 4000 mill sec]]>
            </line>
            <line>
              <![CDATA[Wai for 3000 mill sec]]>
            </line>
          </reporter-output>
        </test-method> <!-- signIntoPolicyBazar -->
        <test-method signature="validateUsNm()[pri:0, instance:test.PB_TC_ValidatePolicyUserName@5149d738]" started-at="2023-07-01T22:42:10 IST" name="validateUsNm" finished-at="2023-07-01T22:42:10 IST" duration-ms="140" status="PASS">
          <reporter-output>
            <line>
              <![CDATA[This validateUsNm is succesfully completed]]>
            </line>
            <line>
              <![CDATA[taking Screen shot]]>
            </line>
            <line>
              <![CDATA[screenshot location isC:\Users\Hp\eclipse-workspace\PolicyBazaar\screenshots\Sangharsh Paraye PB_TC1234.png]]>
            </line>
            <line>
              <![CDATA[This validateUsNm is succesfully completed]]>
            </line>
          </reporter-output>
        </test-method> <!-- validateUsNm -->
        <test-method is-config="true" signature="logInPolicyBazar()[pri:0, instance:test.PB_TC_ValidatePolicyUserName@5149d738]" started-at="2023-07-01T22:42:10 IST" name="logInPolicyBazar" finished-at="2023-07-01T22:42:13 IST" duration-ms="3120" status="PASS">
          <reporter-output>
            <line>
              <![CDATA[Wai for 3000 mill sec]]>
            </line>
          </reporter-output>
        </test-method> <!-- logInPolicyBazar -->
        <test-method is-config="true" signature="closeApplication()[pri:0, instance:test.PB_TC_ValidatePolicyUserName@5149d738]" started-at="2023-07-01T22:42:13 IST" name="closeApplication" finished-at="2023-07-01T22:42:15 IST" duration-ms="1195" status="PASS">
          <reporter-output>
            <line>
              <![CDATA[Wai for 1000 mill sec]]>
            </line>
            <line>
              <![CDATA[closing the Browser]]>
            </line>
          </reporter-output>
        </test-method> <!-- closeApplication -->
      </class> <!-- test.PB_TC_ValidatePolicyUserName -->
    </test> <!-- Test -->
  </suite> <!-- Suite -->
</testng-results>
